Log file open, 01/17/21 19:10:11
LogInit: Display: Running engine for game: BH
LogPlatformFile: Not using cached read wrapper
LogTaskGraph: Started task graph with 5 named threads and 14 total threads with 3 sets of task threads.
LogStats: Stats thread started at 1.198426
LogD3D11RHI: Loaded GFSDK_Aftermath_Lib.x64.dll
LogICUInternationalization: ICU TimeZone Detection - Raw Offset: -5:00, Platform Override: ''
LogPluginManager: Mounting plugin Paper2D
LogPluginManager: Mounting plugin AISupport
LogPluginManager: Mounting plugin LightPropagationVolume
LogPluginManager: Mounting plugin CameraShakePreviewer
LogPluginManager: Mounting plugin ActorLayerUtilities
LogPluginManager: Mounting plugin AnimationSharing
LogPluginManager: Mounting plugin CLionSourceCodeAccess
LogPluginManager: Mounting plugin CodeLiteSourceCodeAccess
LogPluginManager: Mounting plugin GitSourceControl
LogPluginManager: Mounting plugin KDevelopSourceCodeAccess
LogPluginManager: Mounting plugin NullSourceCodeAccess
LogPluginManager: Mounting plugin PerforceSourceControl
LogPluginManager: Mounting plugin PlasticSourceControl
LogPluginManager: Mounting plugin RiderSourceCodeAccess
LogPluginManager: Mounting plugin SubversionSourceControl
LogPluginManager: Mounting plugin UObjectPlugin
LogPluginManager: Mounting plugin VisualStudioCodeSourceCodeAccess
LogPluginManager: Mounting plugin VisualStudioSourceCodeAccess
LogPluginManager: Mounting plugin XCodeSourceCodeAccess
LogPluginManager: Mounting plugin AssetManagerEditor
LogPluginManager: Mounting plugin CryptoKeys
LogPluginManager: Mounting plugin CurveEditorTools
LogPluginManager: Mounting plugin DataValidation
LogPluginManager: Mounting plugin EditorScriptingUtilities
LogPluginManager: Mounting plugin FacialAnimation
LogPluginManager: Mounting plugin GameplayTagsEditor
LogPluginManager: Mounting plugin GeometryMode
LogPluginManager: Mounting plugin MacGraphicsSwitching
LogPluginManager: Mounting plugin MaterialAnalyzer
LogPluginManager: Mounting plugin MobileLauncherProfileWizard
LogPluginManager: Mounting plugin PluginBrowser
LogPluginManager: Mounting plugin SpeedTreeImporter
LogPluginManager: Mounting plugin DatasmithContent
LogPluginManager: Mounting plugin VariantManagerContent
LogPluginManager: Mounting plugin AlembicImporter
LogPluginManager: Mounting plugin AutomationUtils
LogPluginManager: Mounting plugin BackChannel
LogPluginManager: Mounting plugin ChaosCloth
LogPluginManager: Mounting plugin ChaosClothEditor
LogPluginManager: Mounting plugin ChaosEditor
LogPluginManager: Mounting plugin ChaosNiagara
LogPluginManager: Mounting plugin ChaosSolverPlugin
LogPluginManager: Mounting plugin CharacterAI
LogPluginManager: Mounting plugin GeometryCache
LogPluginManager: Mounting plugin GeometryCollectionPlugin
LogPluginManager: Mounting plugin GeometryProcessing
LogPluginManager: Mounting plugin PlanarCut
LogPluginManager: Mounting plugin PlatformCrypto
LogPluginManager: Mounting plugin ProxyLODPlugin
LogPluginManager: Mounting plugin SkeletalReduction
LogPluginManager: Mounting plugin Niagara
LogPluginManager: Mounting plugin MagicLeap
LogPluginManager: Mounting plugin MagicLeapLightEstimation
LogPluginManager: Mounting plugin MagicLeapMedia
LogPluginManager: Mounting plugin MagicLeapPassableWorld
LogPluginManager: Mounting plugin MLSDK
LogPluginManager: Mounting plugin AndroidMedia
LogPluginManager: Mounting plugin AvfMedia
LogPluginManager: Mounting plugin ImgMedia
LogPluginManager: Mounting plugin MediaCompositing
LogPluginManager: Mounting plugin MediaPlayerEditor
LogPluginManager: Mounting plugin WebMMedia
LogPluginManager: Mounting plugin WmfMedia
LogPluginManager: Mounting plugin MeshPainting
LogPluginManager: Mounting plugin TcpMessaging
LogPluginManager: Mounting plugin UdpMessaging
LogPluginManager: Mounting plugin ActorSequence
LogPluginManager: Mounting plugin LevelSequenceEditor
LogPluginManager: Mounting plugin MatineeToLevelSequence
LogPluginManager: Mounting plugin MovieRenderPipeline
LogPluginManager: Mounting plugin TemplateSequence
LogPluginManager: Mounting plugin NetcodeUnitTest
LogPluginManager: Mounting plugin NUTUnrealEngine4
LogPluginManager: Mounting plugin OnlineSubsystemGooglePlay
LogPluginManager: Mounting plugin OnlineSubsystemIOS
LogPluginManager: Mounting plugin OnlineSubsystem
LogPluginManager: Mounting plugin OnlineSubsystemNull
LogPluginManager: Mounting plugin OnlineSubsystemUtils
LogPluginManager: Mounting plugin LauncherChunkInstaller
LogPluginManager: Mounting plugin AndroidDeviceProfileSelector
LogPluginManager: Mounting plugin AndroidMoviePlayer
LogPluginManager: Mounting plugin AndroidPermission
LogPluginManager: Mounting plugin AppleImageUtils
LogPluginManager: Mounting plugin AppleMoviePlayer
LogPluginManager: Mounting plugin ArchVisCharacter
LogPluginManager: Mounting plugin AssetTags
LogPluginManager: Mounting plugin AudioCapture
LogPluginManager: Mounting plugin CableComponent
LogPluginManager: Mounting plugin CustomMeshComponent
LogPluginManager: Mounting plugin EditableMesh
LogPluginManager: Mounting plugin ExampleDeviceProfileSelector
LogPluginManager: Mounting plugin GoogleCloudMessaging
LogPluginManager: Mounting plugin GooglePAD
LogPluginManager: Mounting plugin IOSDeviceProfileSelector
LogPluginManager: Mounting plugin LinuxDeviceProfileSelector
LogPluginManager: Mounting plugin LocationServicesBPLibrary
LogPluginManager: Mounting plugin MobilePatchingUtils
LogPluginManager: Mounting plugin OculusVR
LogPluginManager: Mounting plugin PhysXVehicles
LogPluginManager: Mounting plugin PostSplashScreen
LogPluginManager: Mounting plugin ProceduralMeshComponent
LogPluginManager: Mounting plugin RuntimePhysXCooking
LogPluginManager: Mounting plugin SignificanceManager
LogPluginManager: Mounting plugin SoundFields
LogPluginManager: Mounting plugin SteamVR
LogPluginManager: Mounting plugin Synthesis
LogPluginManager: Mounting plugin WebMMoviePlayer
LogPluginManager: Mounting plugin WindowsMoviePlayer
LogPluginManager: Mounting plugin ScreenshotTools
LogInit: Warning: Incompatible or missing module: BH
Running C:/Program Files/Epic Games/UE_4.25/Engine/Binaries/DotNET/UnrealBuildTool.exe Development Win64 -Project="C:/Users/Patricia/Downloads/BlackHoleFeature/BlackHoleFeature/BH/BH.uproject" -TargetType=Editor -Progress -NoEngineChanges -NoHotReloadFromIDE
Using 'git status' to determine working set for adaptive non-unity build (C:\Users\Patricia\Downloads\BlackHoleFeature\BlackHoleFeature).
Creating makefile for BHEditor (no existing makefile)
@progress push 5%
Parsing headers for BHEditor
  Running UnrealHeaderTool "C:\Users\Patricia\Downloads\BlackHoleFeature\BlackHoleFeature\BH\BH.uproject" "C:\Users\Patricia\Downloads\BlackHoleFeature\BlackHoleFeature\BH\Intermediate\Build\Win64\BHEditor\Development\BHEditor.uhtmanifest" -LogCmds="loginit warning, logexit warning, logdatabase error" -Unattended -WarningsAsErrors -abslog="C:\Users\Patricia\AppData\Local\UnrealBuildTool\Log_UHT.txt" -installed
Reflection code generated for BHEditor in 9.3252562 seconds
@progress pop
Building BHEditor...
Using Visual Studio 2019 14.27.29112 toolchain (C:\Program Files (x86)\Microsoft Visual Studio\2019\Community\VC\Tools\MSVC\14.27.29110) and Windows 10.0.18362.0 SDK (C:\Program Files (x86)\Windows Kits\10).
Building 17 actions with 4 processes...
  @progress 'Compiling C++ source code...' 0%
  @progress 'Compiling C++ source code...' 6%
  [1/17] Default.rc2
  @progress 'Compiling C++ source code...' 12%
  [2/17] SharedPCH.Engine.ShadowErrors.cpp
  @progress 'Compiling C++ source code...' 18%
  [3/17] BH.cpp
  @progress 'Compiling C++ source code...' 24%
  [4/17] BHProjectile.cpp
  @progress 'Compiling C++ source code...' 29%
  [5/17] BHGameMode.cpp
  @progress 'Compiling C++ source code...' 35%
  [6/17] BH.init.gen.cpp
  @progress 'Compiling C++ source code...' 41%
  [7/17] BHGameMode.gen.cpp
  @progress 'Compiling C++ source code...' 47%
  [8/17] BHCharacter.cpp
  @progress 'Compiling C++ source code...' 53%
  [9/17] BHHUD.cpp
  @progress 'Compiling C++ source code...' 59%
  [10/17] BHHUD.gen.cpp
  @progress 'Compiling C++ source code...' 65%
  [11/17] BlackHole.gen.cpp
  C:\Users\Patricia\Downloads\BlackHoleFeature\BlackHoleFeature\BH\Source\BH/BlackHole.h(24): error C2143: syntax error: missing ';' before '*'
  C:\Users\Patricia\Downloads\BlackHoleFeature\BlackHoleFeature\BH\Source\BH/BlackHole.h(24): error C4430: missing type specifier - int assumed. Note: C++ does not support default-int
  C:\Users\Patricia\Downloads\BlackHoleFeature\BlackHoleFeature\BH\Source\BH/BlackHole.h(24): error C2238: unexpected token(s) preceding ';'
  C:\Users\Patricia\Downloads\BlackHoleFeature\BlackHoleFeature\BH\Source\BH/BlackHole.h(27): error C2143: syntax error: missing ';' before '*'
  C:\Users\Patricia\Downloads\BlackHoleFeature\BlackHoleFeature\BH\Source\BH/BlackHole.h(27): error C4430: missing type specifier - int assumed. Note: C++ does not support default-int
  C:\Users\Patricia\Downloads\BlackHoleFeature\BlackHoleFeature\BH\Source\BH/BlackHole.h(27): error C2238: unexpected token(s) preceding ';'
  C:\Users\Patricia\Downloads\BlackHoleFeature\BlackHoleFeature\BH\Source\BH/BlackHole.h(12): error C2039: 'InnerSphereComp': is not a member of 'ABlackHole'
  C:\Users\Patricia\Downloads\BlackHoleFeature\BlackHoleFeature\BH\Source\BH/BlackHole.h(10): note: see declaration of 'ABlackHole'
  C:\Users\Patricia\Downloads\BlackHoleFeature\BlackHoleFeature\BH\Source\BH/BlackHole.h(12): error C2618: illegal member designator in offsetof
  C:\Users\Patricia\Downloads\BlackHoleFeature\BlackHoleFeature\BH\Source\BH/BlackHole.h(12): note: offsetof has a builtin meaning; use /Zc:offsetof- to revert to old, non-conforming definition
  C:\Users\Patricia\Downloads\BlackHoleFeature\BlackHoleFeature\BH\Source\BH/BlackHole.h(12): error C2039: 'OuterSphereComponent': is not a member of 'ABlackHole'
  C:\Users\Patricia\Downloads\BlackHoleFeature\BlackHoleFeature\BH\Source\BH/BlackHole.h(10): note: see declaration of 'ABlackHole'
  C:\Users\Patricia\Downloads\BlackHoleFeature\BlackHoleFeature\BH\Source\BH/BlackHole.h(12): note: offsetof has a builtin meaning; use /Zc:offsetof- to revert to old, non-conforming definition
  C:\Users\Patricia\Downloads\BlackHoleFeature\BlackHoleFeature\BH\Intermediate\Build\Win64\UE4Editor\Inc\BH\BlackHole.gen.cpp(175): error C2039: 'OuterSphereComponent': is not a member of 'ABlackHole'
  C:\Users\Patricia\Downloads\BlackHoleFeature\BlackHoleFeature\BH\Source\BH/BlackHole.h(10): note: see declaration of 'ABlackHole'
  C:\Users\Patricia\Downloads\BlackHoleFeature\BlackHoleFeature\BH\Intermediate\Build\Win64\UE4Editor\Inc\BH\BlackHole.gen.cpp(175): error C2618: illegal member designator in offsetof
  C:\Users\Patricia\Downloads\BlackHoleFeature\BlackHoleFeature\BH\Intermediate\Build\Win64\UE4Editor\Inc\BH\BlackHole.gen.cpp(175): note: offsetof has a builtin meaning; use /Zc:offsetof- to revert to old, non-conforming definition
  C:\Users\Patricia\Downloads\BlackHoleFeature\BlackHoleFeature\BH\Intermediate\Build\Win64\UE4Editor\Inc\BH\BlackHole.gen.cpp(183): error C2039: 'InnerSphereComp': is not a member of 'ABlackHole'
  C:\Users\Patricia\Downloads\BlackHoleFeature\BlackHoleFeature\BH\Source\BH/BlackHole.h(10): note: see declaration of 'ABlackHole'
  C:\Users\Patricia\Downloads\BlackHoleFeature\BlackHoleFeature\BH\Intermediate\Build\Win64\UE4Editor\Inc\BH\BlackHole.gen.cpp(183): error C2618: illegal member designator in offsetof
  C:\Users\Patricia\Downloads\BlackHoleFeature\BlackHoleFeature\BH\Intermediate\Build\Win64\UE4Editor\Inc\BH\BlackHole.gen.cpp(183): note: offsetof has a builtin meaning; use /Zc:offsetof- to revert to old, non-conforming definition
  @progress 'Compiling C++ source code...' 71%
  [12/17] BHProjectile.gen.cpp
  @progress 'Compiling C++ source code...' 76%
  [13/17] BlackHole.cpp
  C:\Users\Patricia\Downloads\BlackHoleFeature\BlackHoleFeature\BH\Source\BH\BlackHole.h(24): error C2143: syntax error: missing ';' before '*'
  C:\Users\Patricia\Downloads\BlackHoleFeature\BlackHoleFeature\BH\Source\BH\BlackHole.h(24): error C4430: missing type specifier - int assumed. Note: C++ does not support default-int
  C:\Users\Patricia\Downloads\BlackHoleFeature\BlackHoleFeature\BH\Source\BH\BlackHole.h(24): error C2238: unexpected token(s) preceding ';'
  C:\Users\Patricia\Downloads\BlackHoleFeature\BlackHoleFeature\BH\Source\BH\BlackHole.h(27): error C2143: syntax error: missing ';' before '*'
  C:\Users\Patricia\Downloads\BlackHoleFeature\BlackHoleFeature\BH\Source\BH\BlackHole.h(27): error C4430: missing type specifier - int assumed. Note: C++ does not support default-int
  C:\Users\Patricia\Downloads\BlackHoleFeature\BlackHoleFeature\BH\Source\BH\BlackHole.h(27): error C2238: unexpected token(s) preceding ';'
  C:\Users\Patricia\Downloads\BlackHoleFeature\BlackHoleFeature\BH\Source\BH\BlackHole.h(12): error C2039: 'InnerSphereComp': is not a member of 'ABlackHole'
  C:\Users\Patricia\Downloads\BlackHoleFeature\BlackHoleFeature\BH\Source\BH\BlackHole.h(10): note: see declaration of 'ABlackHole'
  C:\Users\Patricia\Downloads\BlackHoleFeature\BlackHoleFeature\BH\Source\BH\BlackHole.h(12): error C2618: illegal member designator in offsetof
  C:\Users\Patricia\Downloads\BlackHoleFeature\BlackHoleFeature\BH\Source\BH\BlackHole.h(12): note: offsetof has a builtin meaning; use /Zc:offsetof- to revert to old, non-conforming definition
  C:\Users\Patricia\Downloads\BlackHoleFeature\BlackHoleFeature\BH\Source\BH\BlackHole.h(12): error C2039: 'OuterSphereComponent': is not a member of 'ABlackHole'
  C:\Users\Patricia\Downloads\BlackHoleFeature\BlackHoleFeature\BH\Source\BH\BlackHole.h(10): note: see declaration of 'ABlackHole'
  C:\Users\Patricia\Downloads\BlackHoleFeature\BlackHoleFeature\BH\Source\BH\BlackHole.h(12): note: offsetof has a builtin meaning; use /Zc:offsetof- to revert to old, non-conforming definition
  C:\Users\Patricia\Downloads\BlackHoleFeature\BlackHoleFeature\BH\Source\BH\BlackHole.cpp(17): error C2065: 'InnerSphereComp': undeclared identifier
  C:\Users\Patricia\Downloads\BlackHoleFeature\BlackHoleFeature\BH\Source\BH\BlackHole.cpp(18): error C2065: 'InnerSphereComp': undeclared identifier
  C:\Users\Patricia\Downloads\BlackHoleFeature\BlackHoleFeature\BH\Source\BH\BlackHole.cpp(19): error C2065: 'InnerSphereComp': undeclared identifier
  C:\Users\Patricia\Downloads\BlackHoleFeature\BlackHoleFeature\BH\Source\BH\BlackHole.cpp(22): error C2065: 'InnerSphereComp': undeclared identifier
  C:\Users\Patricia\Downloads\BlackHoleFeature\BlackHoleFeature\BH\Source\BH\BlackHole.cpp(24): error C2065: 'OuterSphereComponent': undeclared identifier
  C:\Users\Patricia\Downloads\BlackHoleFeature\BlackHoleFeature\BH\Source\BH\BlackHole.cpp(25): error C2065: 'OuterSphereComponent': undeclared identifier
  C:\Users\Patricia\Downloads\BlackHoleFeature\BlackHoleFeature\BH\Source\BH\BlackHole.cpp(26): error C2065: 'OuterSphereComponent': undeclared identifier
  C:\Users\Patricia\Downloads\BlackHoleFeature\BlackHoleFeature\BH\Source\BH\BlackHole.cpp(43): error C2065: 'OuterSphereComponent': undeclared identifier
  C:\Users\Patricia\Downloads\BlackHoleFeature\BlackHoleFeature\BH\Source\BH\BlackHole.cpp(51): error C2065: 'OuterSphereComponent': undeclared identifier
  C:\Users\Patricia\Downloads\BlackHoleFeature\BlackHoleFeature\BH\Source\BH\BlackHole.cpp(51): error C2789: 'SphereRadius': an object of const-qualified type must be initialized
  C:\Users\Patricia\Downloads\BlackHoleFeature\BlackHoleFeature\BH\Source\BH\BlackHole.cpp(51): note: see declaration of 'SphereRadius'
  @progress 'Compiling C++ source code...' 82%
  [14/17] BHCharacter.gen.cpp
LogInit: Warning: Still incompatible or missing module: BH
LogCore: Engine exit requested (reason: EngineExit() was called)
LogExit: Preparing to exit.
LogModuleManager: Shutting down and abandoning module DesktopPlatform (46)
LogModuleManager: Shutting down and abandoning module PlatformCryptoOpenSSL (44)
LogModuleManager: Shutting down and abandoning module PlatformCryptoTypes (42)
LogModuleManager: Shutting down and abandoning module PlatformCrypto (40)
LogModuleManager: Shutting down and abandoning module AnimationModifiers (38)
LogModuleManager: Shutting down and abandoning module PropertyEditor (37)
LogModuleManager: Shutting down and abandoning module AudioEditor (34)
LogModuleManager: Shutting down and abandoning module TextureCompressor (32)
LogModuleManager: Shutting down and abandoning module RenderCore (30)
LogModuleManager: Shutting down and abandoning module Landscape (28)
LogModuleManager: Shutting down and abandoning module SlateRHIRenderer (26)
LogModuleManager: Shutting down and abandoning module OpenGLDrv (24)
LogModuleManager: Shutting down and abandoning module D3D11RHI (22)
LogModuleManager: Shutting down and abandoning module AnimGraphRuntime (20)
LogModuleManager: Shutting down and abandoning module Renderer (18)
LogModuleManager: Shutting down and abandoning module Engine (16)
LogModuleManager: Shutting down and abandoning module CoreUObject (14)
LogModuleManager: Shutting down and abandoning module NetworkFile (12)
LogModuleManager: Shutting down and abandoning module CookedIterativeFile (10)
LogModuleManager: Shutting down and abandoning module StreamingFile (8)
LogModuleManager: Shutting down and abandoning module SandboxFile (6)
LogModuleManager: Shutting down and abandoning module PakFile (4)
LogModuleManager: Shutting down and abandoning module RSA (3)
LogExit: Exiting.
Log file closed, 01/17/21 19:13:18
